<?xml version="1.0" encoding="UTF-8"?>
<!-- Generated by org.testng.reporters.JUnitReportReporter -->
<testsuite hostname="QT-INBG-LT0168" failures="0" tests="1" name="MyMavenProject.QTProject.AppTest" time="0.003" errors="0" timestamp="22 Mar 2021 04:17:31 GMT">
  <testcase classname="MyMavenProject.QTProject.AppTest" name="shouldAnswerWithTrue" time="0.003"/>
</testsuite> <!-- MyMavenProject.QTProject.AppTest -->
