<?xml version="1.0" encoding="UTF-8"?>
<!-- Generated by org.testng.reporters.JUnitReportReporter -->
<testsuite hostname="QT-INBG-LT0168" failures="0" tests="1" name="SearchKudos.KudosSearch" time="23.609" errors="0" timestamp="2021-03-26T10:09:00 IST" skipped="0">
  <testcase classname="SearchKudos.KudosSearch" name="Searchkudos" time="23.609"/>
  <system-out/>
</testsuite> <!-- SearchKudos.KudosSearch -->
