<?xml version="1.0" encoding="UTF-8"?>
<!-- Generated by org.testng.reporters.JUnitReportReporter -->
<testsuite hostname="QT-INBG-LT0168" failures="0" tests="1" name="Login.Colorcode" time="8.931" errors="0" timestamp="2021-03-26T10:31:12 IST" skipped="0">
  <testcase classname="Login.Colorcode" name="Color" time="8.931"/>
  <system-out/>
</testsuite> <!-- Login.Colorcode -->
