<?xml version="1.0" encoding="UTF-8"?>
<!-- Generated by org.testng.reporters.JUnitReportReporter -->
<testsuite hostname="QT-INBG-LT0168" failures="0" tests="1" name="TestPackage.KudosSearch" time="15.021" errors="0" timestamp="2021-03-25T09:39:49 IST" skipped="0">
  <testcase classname="TestPackage.KudosSearch" name="Searchkudos" time="15.021"/>
  <system-out/>
</testsuite> <!-- TestPackage.KudosSearch -->
