<?xml version="1.0" encoding="UTF-8"?>
<!-- Generated by org.testng.reporters.JUnitReportReporter -->
<testsuite hostname="QT-INBG-LT0168" failures="0" tests="1" name="Others.kudosOurSelf" time="27.358" errors="0" timestamp="2021-03-26T10:09:00 IST" skipped="0">
  <testcase classname="Others.kudosOurSelf" name="Ourself" time="27.358"/>
  <system-out/>
</testsuite> <!-- Others.kudosOurSelf -->
