<?xml version="1.0" encoding="UTF-8"?>
<!-- Generated by org.testng.reporters.JUnitReportReporter -->
<testsuite hostname="QT-INBG-LT0168" failures="0" tests="1" name="TestPackage.sendKudos" time="8.627" errors="0" timestamp="2021-03-24T15:21:59 IST" skipped="0">
  <testcase classname="TestPackage.sendKudos" name="sendkudos" time="8.627"/>
  <system-out/>
</testsuite> <!-- TestPackage.sendKudos -->
