<?xml version="1.0" encoding="UTF-8"?>
<!-- Generated by org.testng.reporters.JUnitReportReporter -->
<testsuite hostname="QT-INBG-LT0168" failures="0" tests="1" name="TestPackage.kudosTestCase" time="8.920" errors="0" timestamp="2021-03-23T13:22:59 IST" skipped="0">
  <testcase classname="TestPackage.kudosTestCase" name="basePageNavigaation" time="8.920"/>
  <system-out/>
</testsuite> <!-- TestPackage.kudosTestCase -->
