<?xml version="1.0" encoding="UTF-8"?>
<!-- Generated by org.testng.reporters.JUnitReportReporter -->
<testsuite hostname="QT-INBG-LT0168" failures="0" tests="1" name="TestPackage.SendBtn$Commentsend" time="27.817" errors="0" timestamp="2021-03-24T12:32:19 IST" skipped="0">
  <testcase classname="TestPackage.SendBtn$Commentsend" name="sendkudos" time="27.817"/>
  <system-out/>
</testsuite> <!-- TestPackage.SendBtn$Commentsend -->
