<?xml version="1.0" encoding="UTF-8"?>
<!-- Generated by org.testng.reporters.JUnitReportReporter -->
<testsuite hostname="QT-INBG-LT0168" failures="0" tests="2" name="TestPackage.RecentContacts" time="34.949" errors="0" timestamp="2021-03-25T19:13:54 IST" skipped="0">
  <testcase classname="TestPackage.RecentContacts" name="basePageNavigaation" time="18.171"/>
  <system-out/>
  <testcase classname="TestPackage.RecentContacts" name="basePageNavigaation" time="16.778"/>
  <system-out/>
</testsuite> <!-- TestPackage.RecentContacts -->
