<?xml version="1.0" encoding="UTF-8"?>
<!-- Generated by org.testng.reporters.JUnitReportReporter -->
<testsuite hostname="QT-INBG-LT0168" failures="0" tests="1" name="TestPackage.KudosFromMe" time="11.448" errors="0" timestamp="2021-03-25T08:52:22 IST" skipped="0">
  <testcase classname="TestPackage.KudosFromMe" name="KudfromMe" time="11.448"/>
  <system-out/>
</testsuite> <!-- TestPackage.KudosFromMe -->
