<?xml version="1.0" encoding="UTF-8"?>
<!-- Generated by org.testng.reporters.JUnitReportReporter -->
<testsuite hostname="QT-INBG-LT0168" failures="0" tests="1" name="Others.KudoToMe" time="11.233" errors="0" timestamp="2021-03-26T10:36:55 IST" skipped="0">
  <testcase classname="Others.KudoToMe" name="kudosToMe" time="11.233"/>
  <system-out/>
</testsuite> <!-- Others.KudoToMe -->
