<?xml version="1.0" encoding="UTF-8"?>
<!-- Generated by org.testng.reporters.JUnitReportReporter -->
<testsuite hostname="QT-INBG-LT0168" failures="0" tests="2" name="TestPackage.OtherTestCase" time="13.259" errors="0" timestamp="2021-03-23T18:09:01 IST" skipped="0">
  <testcase classname="TestPackage.OtherTestCase" name="otherkudos" time="0.807"/>
  <system-out/>
  <testcase classname="TestPackage.OtherTestCase" name="basePageNavigaation" time="12.452"/>
  <system-out/>
</testsuite> <!-- TestPackage.OtherTestCase -->
