<?xml version="1.0" encoding="UTF-8"?>
<!-- Generated by org.testng.reporters.JUnitReportReporter -->
<testsuite hostname="QT-INBG-LT0168" failures="0" tests="6" name="Integration.SendEmpKudos" time="53.840" errors="0" timestamp="2021-03-26T10:04:41 IST" skipped="0">
  <testcase classname="Integration.SendEmpKudos" name="Multiple" time="20.416"/>
  <system-out/>
  <testcase classname="Integration.SendEmpKudos" name="sendrecentcont" time="6.532"/>
  <system-out/>
  <testcase classname="Integration.SendEmpKudos" name="sendrecentcont" time="6.566"/>
  <system-out/>
  <testcase classname="Integration.SendEmpKudos" name="sendrecentcont" time="6.617"/>
  <system-out/>
  <testcase classname="Integration.SendEmpKudos" name="sendrecentcont" time="7.204"/>
  <system-out/>
  <testcase classname="Integration.SendEmpKudos" name="sendrecentcont" time="6.505"/>
  <system-out/>
</testsuite> <!-- Integration.SendEmpKudos -->
